Arguments: 
  C:\Program Files\nodejs\node.exe C:\Program Files (x86)\Yarn\bin\yarn.js install

PATH: 
  C:\Windows\system32;C:\Windows;C:\Windows\System32\Wbem;C:\Windows\System32\WindowsPowerShell\v1.0\;C:\Windows\System32\OpenSSH\;C:\Program Files\Git\cmd;C:\Program Files (x86)\Yarn\bin\;C:\ProgramData\chocolatey\bin;C:\Program Files\nodejs\;C:\Users\Adrian\AppData\Local\Microsoft\WindowsApps;C:\Users\Adrian\AppData\Local\Yarn\bin;C:\Users\Adrian\AppData\Roaming\npm;C:\Users\Adrian\AppData\Local\GitHubDesktop\bin;C:\Program Files\MongoDB\Server\4.2\bin;

Yarn version: 
  1.19.1

Node version: 
  12.9.1

Platform: 
  win32 x64

Trace: 
  SyntaxError: D:\WORK\Blog\back\package.json: Unexpected token } in JSON at position 159
      at JSON.parse (<anonymous>)
      at C:\Program Files (x86)\Yarn\lib\cli.js:1625:59
      at Generator.next (<anonymous>)
      at step (C:\Program Files (x86)\Yarn\lib\cli.js:304:30)
      at C:\Program Files (x86)\Yarn\lib\cli.js:315:13

npm manifest: 
  {
    "name": "back",
    "version": "0.0.0",
    "private": true,
    "scripts": {
      "start": "node ./bin/www"
    },
    "dependencies": {
      "express": "~4.16.1",
    }
  }

yarn manifest: 
  No manifest

Lockfile: 
  No lockfile
